{"C:/Users/Tommi/VIHU_ass2/src/constants.ts": {"path":"C:/Users/Tommi/VIHU_ass2/src/constants.ts","statementMap":{"0":{"start":{"line":1,"column":7},"end":{"line":1,"column":null}},"1":{"start":{"line":2,"column":2},"end":{"line":2,"column":null}},"2":{"start":{"line":3,"column":2},"end":{"line":3,"column":null}},"3":{"start":{"line":4,"column":2},"end":{"line":4,"column":null}},"4":{"start":{"line":5,"column":2},"end":{"line":5,"column":null}},"5":{"start":{"line":6,"column":2},"end":{"line":6,"column":null}},"6":{"start":{"line":7,"column":2},"end":{"line":7,"column":null}},"7":{"start":{"line":1,"column":12},"end":{"line":1,"column":null}}},"fnMap":{"0":{"name":"(anonymous_0)","decl":{"start":{"line":1,"column":7},"end":{"line":1,"column":12}},"loc":{"start":{"line":1,"column":7},"end":{"line":1,"column":null}}}},"branchMap":{"0":{"loc":{"start":{"line":1,"column":12},"end":{"line":1,"column":null}},"type":"binary-expr","locations":[{"start":{"line":1,"column":12},"end":{"line":1,"column":null}},{"start":{"line":1,"column":12},"end":{"line":1,"column":null}}]}},"s":{"0":1,"1":1,"2":1,"3":1,"4":1,"5":1,"6":1,"7":1},"f":{"0":1},"b":{"0":[1,1]}}
,"C:/Users/Tommi/VIHU_ass2/src/dateUtils.ts": {"path":"C:/Users/Tommi/VIHU_ass2/src/dateUtils.ts","statementMap":{"0":{"start":{"line":5,"column":2},"end":{"line":5,"column":null}},"1":{"start":{"line":9,"column":2},"end":{"line":11,"column":null}},"2":{"start":{"line":10,"column":4},"end":{"line":10,"column":null}},"3":{"start":{"line":12,"column":2},"end":{"line":14,"column":null}},"4":{"start":{"line":13,"column":4},"end":{"line":13,"column":null}},"5":{"start":{"line":15,"column":2},"end":{"line":15,"column":null}},"6":{"start":{"line":19,"column":2},"end":{"line":21,"column":null}},"7":{"start":{"line":20,"column":4},"end":{"line":20,"column":null}},"8":{"start":{"line":22,"column":2},"end":{"line":22,"column":null}},"9":{"start":{"line":26,"column":2},"end":{"line":26,"column":null}},"10":{"start":{"line":30,"column":2},"end":{"line":30,"column":null}},"11":{"start":{"line":35,"column":2},"end":{"line":43,"column":null}},"12":{"start":{"line":36,"column":4},"end":{"line":42,"column":null}},"13":{"start":{"line":37,"column":6},"end":{"line":41,"column":null}},"14":{"start":{"line":47,"column":19},"end":{"line":47,"column":null}},"15":{"start":{"line":48,"column":2},"end":{"line":48,"column":null}},"16":{"start":{"line":48,"column":34},"end":{"line":48,"column":58}}},"fnMap":{"0":{"name":"getCurrentYear","decl":{"start":{"line":4,"column":16},"end":{"line":4,"column":33}},"loc":{"start":{"line":4,"column":33},"end":{"line":6,"column":null}}},"1":{"name":"add","decl":{"start":{"line":8,"column":16},"end":{"line":8,"column":20}},"loc":{"start":{"line":8,"column":63},"end":{"line":16,"column":null}}},"2":{"name":"isWithinRange","decl":{"start":{"line":18,"column":16},"end":{"line":18,"column":30}},"loc":{"start":{"line":18,"column":46},"end":{"line":23,"column":null}}},"3":{"name":"isDateBefore","decl":{"start":{"line":25,"column":16},"end":{"line":25,"column":29}},"loc":{"start":{"line":25,"column":48},"end":{"line":27,"column":null}}},"4":{"name":"isSameDay","decl":{"start":{"line":29,"column":16},"end":{"line":29,"column":26}},"loc":{"start":{"line":29,"column":45},"end":{"line":31,"column":null}}},"5":{"name":"getHolidays","decl":{"start":{"line":34,"column":22},"end":{"line":34,"column":34}},"loc":{"start":{"line":34,"column":40},"end":{"line":44,"column":null}}},"6":{"name":"(anonymous_6)","decl":{"start":{"line":35,"column":21},"end":{"line":35,"column":22}},"loc":{"start":{"line":35,"column":34},"end":{"line":43,"column":3}}},"7":{"name":"(anonymous_7)","decl":{"start":{"line":36,"column":15},"end":{"line":36,"column":21}},"loc":{"start":{"line":36,"column":21},"end":{"line":42,"column":7}}},"8":{"name":"isHoliday","decl":{"start":{"line":46,"column":22},"end":{"line":46,"column":32}},"loc":{"start":{"line":46,"column":38},"end":{"line":49,"column":null}}},"9":{"name":"(anonymous_9)","decl":{"start":{"line":48,"column":23},"end":{"line":48,"column":34}},"loc":{"start":{"line":48,"column":34},"end":{"line":48,"column":58}}}},"branchMap":{"0":{"loc":{"start":{"line":8,"column":34},"end":{"line":8,"column":63}},"type":"default-arg","locations":[{"start":{"line":8,"column":41},"end":{"line":8,"column":63}}]},"1":{"loc":{"start":{"line":9,"column":2},"end":{"line":11,"column":null}},"type":"if","locations":[{"start":{"line":9,"column":2},"end":{"line":11,"column":null}},{"start":{},"end":{}}]},"2":{"loc":{"start":{"line":9,"column":6},"end":{"line":9,"column":56}},"type":"binary-expr","locations":[{"start":{"line":9,"column":6},"end":{"line":9,"column":33}},{"start":{"line":9,"column":33},"end":{"line":9,"column":56}}]},"3":{"loc":{"start":{"line":12,"column":2},"end":{"line":14,"column":null}},"type":"if","locations":[{"start":{"line":12,"column":2},"end":{"line":14,"column":null}},{"start":{},"end":{}}]},"4":{"loc":{"start":{"line":12,"column":6},"end":{"line":12,"column":51}},"type":"binary-expr","locations":[{"start":{"line":12,"column":6},"end":{"line":12,"column":36}},{"start":{"line":12,"column":36},"end":{"line":12,"column":51}}]},"5":{"loc":{"start":{"line":19,"column":2},"end":{"line":21,"column":null}},"type":"if","locations":[{"start":{"line":19,"column":2},"end":{"line":21,"column":null}},{"start":{},"end":{}}]}},"s":{"0":1,"1":5,"2":1,"3":4,"4":2,"5":2,"6":4,"7":1,"8":3,"9":3,"10":6,"11":3,"12":3,"13":3,"14":2,"15":2,"16":4},"f":{"0":1,"1":5,"2":4,"3":3,"4":6,"5":3,"6":3,"7":3,"8":2,"9":4},"b":{"0":[4],"1":[1,4],"2":[5,4],"3":[2,2],"4":[4,3],"5":[1,3]}}
}
